select name, (population/2) 
from country limit 10;
Name        (population/2)
----------  --------------
Albania     1400069       
Greece      5408143       
Macedonia   1029897       
Serbia      3560333       
Montenegro  310014        
Kosovo      866936        
Andorra     39057         
France      32466700      
Spain       23407958      
Austria     4249879       
select * from City 
where name='Manchester';
Name        Country     Province    Population  Latitude    Longitude   Elevation 
----------  ----------  ----------  ----------  ----------  ----------  ----------
Manchester  GB          North West  510746      NULL        NULL        NULL      
Manchester  USA         New Hampsh  109571      NULL        NULL        NULL      
select name from city 
where name like 'Man%';
Name      
----------
Man       
Manado    
Managua   
Manaus    
Manbij    
Manchester
Manchester
Mandalay  
Mandaluyon
Mangaung  
Manila    
Manisa    
Manizales 
Mannheim  
Manokwari 
Mansa     
Manzanillo
Manzhouli 
select c.name as country, organization 
	from country c join 
	(select distinct m.country as country_code, o.name as organization 
		from organization o join ismember m on m.organization=o.abbreviation 
		where o.established > '1994-12-01' 
		and m.country in ( select country from religion 
		where name='Buddhist' ) ) mem 
	on c.code = mem.country_code;
country     organization            
----------  ------------------------
Australia   Community of Democracies
Australia   East Asia Summit        
Australia   Group of 20             
Australia   International Criminal C
Australia   International Mobile Sat
Australia   International Trade Unio
Australia   Organization for the Pro
Australia   United Nations Mission i
Australia   United Nations Integrate
Bhutan      Organization for the Pro
Brunei      East Asia Summit        
Brunei      International Mobile Sat
Brunei      Organization for the Pro
Sri Lanka   Community of Democracies
Sri Lanka   Conference of Interactio
Sri Lanka   International Mobile Sat
Sri Lanka   International Trade Unio
Sri Lanka   United Nations Organizat
Sri Lanka   Organization for the Pro
Sri Lanka   Shanghai Cooperation Org
Sri Lanka   United Nations Interim S
Sri Lanka   United Nations Mission i
United Kin  Community of Democracies
United Kin  Group of 20             
United Kin  International Criminal C
United Kin  International Mobile Sat
United Kin  International Trade Unio
United Kin  United Nations Organizat
United Kin  Organization for the Pro
United Kin  Organization for Securit
United Kin  Convention of the Southe
United Kin  United Nations Mission i
Italy       Community of Democracies
Italy       European Central Bank   
Italy       Group of 20             
Italy       International Criminal C
Italy       International Mobile Sat
Italy       International Trade Unio
Italy       Organization for the Pro
Italy       Organization for Securit
Italy       Convention of the Southe
Italy       United Nations Mission i
India       Community of Democracies
India       Conference of Interactio
India       East Asia Summit        
India       Group of 20             
India       International Mobile Sat
India       International Trade Unio
India       United Nations Organizat
India       Organization for the Pro
India       Shanghai Cooperation Org
India       United Nations Interim S
India       United Nations Mission i
India       United Nations Integrate
India       United Nations Operation
Japan       Community of Democracies
Japan       Conference of Interactio
Japan       East Asia Summit        
Japan       Group of 20             
Japan       International Criminal C
Japan       International Mobile Sat
Japan       International Trade Unio
Japan       Organization for the Pro
Japan       Convention of the Southe
Japan       United Nations Mission i
Japan       United Nations Integrate
Cambodia    Conference of Interactio
Cambodia    East Asia Summit        
Cambodia    International Criminal C
Cambodia    International Trade Unio
Cambodia    Organization for the Pro
Cambodia    African Union/United Nat
Cambodia    United Nations Interim S
Cambodia    United Nations Mission i
Laos        East Asia Summit        
Laos        Organization for the Pro
Malaysia    Conference of Interactio
Malaysia    Developing Eight        
Malaysia    East Asia Summit        
Malaysia    International Mobile Sat
Malaysia    International Trade Unio
Malaysia    United Nations Organizat
Malaysia    Organization for the Pro
Malaysia    African Union/United Nat
Malaysia    United Nations Mission i
Malaysia    United Nations Integrate
Mongolia    Community of Democracies
Mongolia    Conference of Interactio
Mongolia    International Criminal C
Mongolia    International Mobile Sat
Mongolia    International Trade Unio
Mongolia    United Nations Organizat
Mongolia    Organization for the Pro
Mongolia    Organization for Securit
Mongolia    Shanghai Cooperation Org
Mongolia    African Union/United Nat
Mongolia    United Nations Interim S
Mongolia    United Nations Mission i
Myanmar     East Asia Summit        
Myanmar     International Trade Unio
Myanmar     Organization for the Pro
Nepal       Community of Democracies
Nepal       International Trade Unio
Nepal       United Nations Organizat
Nepal       Organization for the Pro
Nepal       African Union/United Nat
Nepal       United Nations Interim S
Nepal       United Nations Mission i
Nepal       United Nations Mission i
Nepal       United Nations Integrate
Nepal       United Nations Operation
New Zealan  Community of Democracies
New Zealan  East Asia Summit        
New Zealan  International Criminal C
New Zealan  International Mobile Sat
New Zealan  International Trade Unio
New Zealan  Organization for the Pro
New Zealan  United Nations Mission i
New Zealan  United Nations Integrate
Indonesia   Community of Democracies
Indonesia   Conference of Interactio
Indonesia   Developing Eight        
Indonesia   East Asia Summit        
Indonesia   Group of 20             
Indonesia   International Mobile Sat
Indonesia   International Trade Unio
Indonesia   United Nations Organizat
Indonesia   Organization for the Pro
Indonesia   African Union/United Nat
Indonesia   United Nations Mission i
Indonesia   United Nations Mission i
South Kore  Community of Democracies
South Kore  Conference of Interactio
South Kore  East Asia Summit        
South Kore  Group of 20             
South Kore  International Criminal C
South Kore  International Mobile Sat
South Kore  International Trade Unio
South Kore  Organization for the Pro
South Kore  African Union/United Nat
South Kore  United Nations Mission i
South Kore  United Nations Mission i
South Kore  United Nations Operation
Philippine  Community of Democracies
Philippine  Conference of Interactio
Philippine  East Asia Summit        
Philippine  International Criminal C
Philippine  International Mobile Sat
Philippine  International Trade Unio
Philippine  Organization for the Pro
Philippine  United Nations Interim S
Philippine  United Nations Mission i
Philippine  United Nations Integrate
Philippine  United Nations Operation
Thailand    Community of Democracies
Thailand    Conference of Interactio
Thailand    East Asia Summit        
Thailand    International Mobile Sat
Thailand    International Trade Unio
Thailand    Organization for the Pro
Thailand    African Union/United Nat
United Sta  Community of Democracies
United Sta  Conference of Interactio
United Sta  East Asia Summit        
United Sta  Group of 20             
United Sta  International Mobile Sat
United Sta  International Trade Unio
United Sta  United Nations Organizat
United Sta  Organization for the Pro
United Sta  Organization for Securit
United Sta  Convention of the Southe
United Sta  United Nations Mission i
United Sta  United Nations Mission i
Vietnam     Conference of Interactio
Vietnam     East Asia Summit        
Vietnam     International Mobile Sat
Vietnam     Organization for the Pro
select c.name, count(geo.island) as num_island 
from country c 
join geo_island geo 
on c.code=geo.country 
group by geo.island;
Name        num_island
----------  ----------
Finland     1         
Italy       1         
Indonesia   1         
Netherland  1         
Germany     1         
United Kin  1         
Anguilla    1         
Comoros     1         
Antigua an  1         
United Kin  1         
Aruba       1         
Saint Hele  1         
Norway      1         
Palau       1         
Canada      1         
Bahrain     1         
Indonesia   1         
Germany     1         
Indonesia   1         
Canada      1         
Barbados    1         
Antigua an  1         
United Kin  1         
Guadeloupe  1         
Indonesia   1         
United Kin  1         
Indonesia   1         
Equatorial  1         
United Kin  1         
Philippine  1         
Germany     1         
Malaysia    7         
Denmark     1         
Papua New   1         
Australia   1         
Cayman Isl  1         
Philippine  1         
Indonesia   1         
Greece      1         
Christmas   1         
France      1         
Portugal    1         
Cuba        14        
Curacao     1         
Cyprus      1         
Estonia     1         
Canada      1         
Dominica    1         
Falkland I  1         
Chile       1         
Vanuatu     1         
Canada      1         
Portugal    1         
Tokelau     1         
Denmark     1         
Germany     1         
Italy       1         
Portugal    1         
Cape Verde  1         
Germany     1         
Tuvalu      1         
Spain       1         
Denmark     1         
Spain       1         
Wallis and  1         
Iran        1         
Spain       1         
Sweden      1         
Malta       1         
Portugal    1         
Spain       1         
Bermuda     1         
Cayman Isl  1         
Comoros     1         
Turks and   1         
New Caledo  1         
Guadeloupe  1         
United Kin  11        
Greenland   1         
Grenada     1         
Solomon Is  1         
Guam        1         
Guernsey    1         
China       1         
Indonesia   1         
United Sta  1         
Germany     1         
Spain       1         
Haiti       2         
Japan       1         
Japan       34        
United Kin  1         
Spain       1         
Iceland     1         
Greece      1         
United Kin  2         
Ecuador     1         
Nicaragua   1         
United Kin  1         
Isle of Ma  1         
United Kin  1         
Jamaica     1         
Indonesia   6         
South Kore  1         
Jersey      1         
Germany     1         
United Kin  1         
United Sta  1         
India       1         
Greece      1         
Iran        1         
Thailand    1         
Greece      1         
Palau       1         
Greece      1         
Russia      1         
Indonesia   1         
Greece      1         
Japan       7         
Spain       1         
Malaysia    1         
Italy       1         
United Sta  1         
Denmark     1         
Germany     1         
Spain       1         
Iran        1         
Greece      1         
Greece      1         
United Kin  1         
Philippine  1         
Italy       1         
Italy       1         
Cayman Isl  1         
Denmark     1         
Indonesia   1         
United Sta  1         
Philippine  7         
Madagascar  1         
Portugal    1         
Seychelles  1         
Marshall I  1         
Maldives    1         
Spain       1         
Malta       1         
Slovakia    2         
Canada      1         
Hungary     1         
United Sta  1         
Martinique  1         
United Sta  1         
Mauritius   1         
Mayotte     1         
Australia   1         
Spain       1         
Philippine  6         
Philippine  1         
Saint Pier  1         
Comoros     1         
United Sta  1         
Montserrat  1         
United Kin  1         
Greece      1         
United Sta  1         
Nauru       1         
Philippine  2         
Saint Kitt  1         
Papua New   3         
Bahamas     1         
Canada      1         
United Sta  1         
Niue        1         
Germany     1         
Norfolk Is  1         
Turks and   1         
United Kin  1         
Russia      1         
United Sta  1         
Sweden      1         
Estonia     1         
Japan       1         
Russia      1         
United Kin  1         
Philippine  1         
Italy       1         
Philippine  1         
Russia      1         
Germany     1         
Tanzania    1         
Thailand    1         
Portugal    1         
Pitcairn    1         
Micronesia  1         
Portugal    1         
Canada      1         
Canada      1         
Sao Tome a  1         
Turks and   1         
Puerto Ric  1         
Cocos Isla  1         
Cook Islan  1         
Canada      1         
Reunion     1         
Greece      1         
United Kin  1         
Northern M  1         
Germany     1         
Russia      1         
Saint Hele  1         
Saint Kitt  1         
Saint Luci  1         
Saint Pier  1         
Virgin Isl  1         
Saint Vinc  1         
Northern M  1         
Italy       1         
Philippine  1         
Greece      1         
Indonesia   1         
Colombia    1         
United Sta  1         
United Sta  1         
Tanzania    1         
United Sta  1         
United Sta  1         
Portugal    1         
United Sta  1         
Cape Verde  1         
Portugal    1         
Portugal    1         
Sao Tome a  1         
Italy       1         
Samoa       1         
Netherland  1         
Denmark     2         
United Kin  1         
Japan       4         
Italy       1         
Singapore   1         
United Kin  1         
Yemen       1         
India       1         
United Kin  1         
United Kin  1         
Canada      1         
Germany     1         
Sri Lanka   1         
Saint Bart  1         
Sint Maart  2         
Faroe Isla  1         
Italy       1         
Indonesia   6         
Indonesia   8         
Indonesia   1         
Svalbard    1         
Germany     1         
Greece      1         
French Pol  1         
Taiwan      1         
Kiribati    1         
Australia   1         
New Zealan  1         
New Zealan  1         
Spain       1         
Portugal    1         
Indonesia   1         
Netherland  1         
Netherland  1         
Timor-Lest  2         
Northern M  1         
United Kin  1         
Trinidad a  1         
Tonga       1         
British Vi  1         
Trinidad a  1         
Saint Hele  1         
American S  1         
United Sta  1         
Samoa       1         
Poland      2         
Wallis and  1         
Canada      1         
Fiji        1         
Serbia      1         
Canada      2         
Fiji        1         
Netherland  1         
Italy       1         
Germany     1         
Falkland I  1         
United Kin  1         
Greece      1         
Slovakia    3         
